# JRE version: OpenJDK Runtime Environment (8.0_152-b01) (build 1.8.0_152-release-1343-b01)
# Java VM: OpenJDK 64-Bit Server VM (25.152-b01 mixed mode windows-amd64 compressed oops)
Heap:
 PSYoungGen      total 488960K, used 382209K [0x00000000e0000000, 0x00000000ffd00000, 0x0000000100000000)
  eden space 460800K, 80% used [0x00000000e0000000,0x00000000f6c698d0,0x00000000fc200000)
  from space 28160K, 32% used [0x00000000fe180000,0x00000000fea56d28,0x00000000ffd00000)
  to   space 30208K, 0% used [0x00000000fc200000,0x00000000fc200000,0x00000000fdf80000)
 ParOldGen       total 76800K, used 56369K [0x00000000a0000000, 0x00000000a4b00000, 0x00000000e0000000)
  object space 76800K, 73% used [0x00000000a0000000,0x00000000a370c6e8,0x00000000a4b00000)
 Metaspace       used 85383K, capacity 88438K, committed 88576K, reserved 1126400K
  class space    used 10889K, capacity 11515K, committed 11520K, reserved 1048576K
GC Heap History (10 events):
Event: 27.185 GC heap before
{Heap before GC invocations=13 (full 3):
 PSYoungGen      total 319488K, used 13323K [0x00000000e0000000, 0x00000000f5a80000, 0x0000000100000000)
  eden space 297472K, 0% used [0x00000000e0000000,0x00000000e0000000,0x00000000f2280000)
  from space 22016K, 60% used [0x00000000f3800000,0x00000000f4502fa0,0x00000000f4d80000)
  to   space 22016K, 0% used [0x00000000f2280000,0x00000000f2280000,0x00000000f3800000)
 ParOldGen       total 54272K, used 28547K [0x00000000a0000000, 0x00000000a3500000, 0x00000000e0000000)
  object space 54272K, 52% used [0x00000000a0000000,0x00000000a1be0d80,0x00000000a3500000)
 Metaspace       used 57610K, capacity 59060K, committed 59136K, reserved 1099776K
  class space    used 7793K, capacity 8173K, committed 8192K, reserved 1048576K
Event: 27.795 GC heap after
Heap after GC invocations=13 (full 3):
 PSYoungGen      total 319488K, used 0K [0x00000000e0000000, 0x00000000f5a80000, 0x0000000100000000)
  eden space 297472K, 0% used [0x00000000e0000000,0x00000000e0000000,0x00000000f2280000)
  from space 22016K, 0% used [0x00000000f3800000,0x00000000f3800000,0x00000000f4d80000)
  to   space 22016K, 0% used [0x00000000f2280000,0x00000000f2280000,0x00000000f3800000)
 ParOldGen       total 76800K, used 27768K [0x00000000a0000000, 0x00000000a4b00000, 0x00000000e0000000)
  object space 76800K, 36% used [0x00000000a0000000,0x00000000a1b1e270,0x00000000a4b00000)
 Metaspace       used 57610K, capacity 59060K, committed 59136K, reserved 1099776K
  class space    used 7793K, capacity 8173K, committed 8192K, reserved 1048576K
}
Event: 1180.434 GC heap before
{Heap before GC invocations=14 (full 3):
 PSYoungGen      total 319488K, used 297472K [0x00000000e0000000, 0x00000000f5a80000, 0x0000000100000000)
  eden space 297472K, 100% used [0x00000000e0000000,0x00000000f2280000,0x00000000f2280000)
  from space 22016K, 0% used [0x00000000f3800000,0x00000000f3800000,0x00000000f4d80000)
  to   space 22016K, 0% used [0x00000000f2280000,0x00000000f2280000,0x00000000f3800000)
 ParOldGen       total 76800K, used 27768K [0x00000000a0000000, 0x00000000a4b00000, 0x00000000e0000000)
  object space 76800K, 36% used [0x00000000a0000000,0x00000000a1b1e270,0x00000000a4b00000)
 Metaspace       used 68278K, capacity 70586K, committed 70656K, reserved 1110016K
  class space    used 8961K, capacity 9465K, committed 9472K, reserved 1048576K
Event: 1180.543 GC heap after
Heap after GC invocations=14 (full 3):
 PSYoungGen      total 319488K, used 20521K [0x00000000e0000000, 0x00000000fa180000, 0x0000000100000000)
  eden space 297472K, 0% used [0x00000000e0000000,0x00000000e0000000,0x00000000f2280000)
  from space 22016K, 93% used [0x00000000f2280000,0x00000000f368a6e0,0x00000000f3800000)
  to   space 25088K, 0% used [0x00000000f8900000,0x00000000f8900000,0x00000000fa180000)
 ParOldGen       total 76800K, used 27776K [0x00000000a0000000, 0x00000000a4b00000, 0x00000000e0000000)
  object space 76800K, 36% used [0x00000000a0000000,0x00000000a1b20270,0x00000000a4b00000)
 Metaspace       used 68278K, capacity 70586K, committed 70656K, reserved 1110016K
  class space    used 8961K, capacity 9465K, committed 9472K, reserved 1048576K
}
Event: 1197.927 GC heap before
{Heap before GC invocations=15 (full 3):
 PSYoungGen      total 319488K, used 317993K [0x00000000e0000000, 0x00000000fa180000, 0x0000000100000000)
  eden space 297472K, 100% used [0x00000000e0000000,0x00000000f2280000,0x00000000f2280000)
  from space 22016K, 93% used [0x00000000f2280000,0x00000000f368a6e0,0x00000000f3800000)
  to   space 25088K, 0% used [0x00000000f8900000,0x00000000f8900000,0x00000000fa180000)
 ParOldGen       total 76800K, used 27776K [0x00000000a0000000, 0x00000000a4b00000, 0x00000000e0000000)
  object space 76800K, 36% used [0x00000000a0000000,0x00000000a1b20270,0x00000000a4b00000)
 Metaspace       used 83459K, capacity 86184K, committed 86272K, reserved 1124352K
  class space    used 10688K, capacity 11264K, committed 11264K, reserved 1048576K
Event: 1198.563 GC heap after
Heap after GC invocations=15 (full 3):
 PSYoungGen      total 395264K, used 25066K [0x00000000e0000000, 0x00000000faf80000, 0x0000000100000000)
  eden space 370176K, 0% used [0x00000000e0000000,0x00000000e0000000,0x00000000f6980000)
  from space 25088K, 99% used [0x00000000f8900000,0x00000000fa17a998,0x00000000fa180000)
  to   space 32256K, 0% used [0x00000000f6980000,0x00000000f6980000,0x00000000f8900000)
 ParOldGen       total 76800K, used 37251K [0x00000000a0000000, 0x00000000a4b00000, 0x00000000e0000000)
  object space 76800K, 48% used [0x00000000a0000000,0x00000000a2460ca0,0x00000000a4b00000)
 Metaspace       used 83459K, capacity 86184K, committed 86272K, reserved 1124352K
  class space    used 10688K, capacity 11264K, committed 11264K, reserved 1048576K
}
Event: 1206.867 GC heap before
{Heap before GC invocations=16 (full 3):
 PSYoungGen      total 395264K, used 395242K [0x00000000e0000000, 0x00000000faf80000, 0x0000000100000000)
  eden space 370176K, 100% used [0x00000000e0000000,0x00000000f6980000,0x00000000f6980000)
  from space 25088K, 99% used [0x00000000f8900000,0x00000000fa17a998,0x00000000fa180000)
  to   space 32256K, 0% used [0x00000000f6980000,0x00000000f6980000,0x00000000f8900000)
 ParOldGen       total 76800K, used 37251K [0x00000000a0000000, 0x00000000a4b00000, 0x00000000e0000000)
  object space 76800K, 48% used [0x00000000a0000000,0x00000000a2460ca0,0x00000000a4b00000)
 Metaspace       used 85189K, capacity 88182K, committed 88320K, reserved 1126400K
  class space    used 10882K, capacity 11505K, committed 11520K, reserved 1048576K
Event: 1207.051 GC heap after
Heap after GC invocations=16 (full 3):
 PSYoungGen      total 402432K, used 8979K [0x00000000e0000000, 0x0000000100000000, 0x0000000100000000)
  eden space 370176K, 0% used [0x00000000e0000000,0x00000000e0000000,0x00000000f6980000)
  from space 32256K, 27% used [0x00000000f6980000,0x00000000f7244d28,0x00000000f8900000)
  to   space 31232K, 0% used [0x00000000fe180000,0x00000000fe180000,0x0000000100000000)
 ParOldGen       total 76800K, used 56361K [0x00000000a0000000, 0x00000000a4b00000, 0x00000000e0000000)
  object space 76800K, 73% used [0x00000000a0000000,0x00000000a370a6e8,0x00000000a4b00000)
 Metaspace       used 85189K, capacity 88182K, committed 88320K, reserved 1126400K
  class space    used 10882K, capacity 11505K, committed 11520K, reserved 1048576K
}
Event: 1214.118 GC heap before
{Heap before GC invocations=17 (full 3):
 PSYoungGen      total 402432K, used 379155K [0x00000000e0000000, 0x0000000100000000, 0x0000000100000000)
  eden space 370176K, 100% used [0x00000000e0000000,0x00000000f6980000,0x00000000f6980000)
  from space 32256K, 27% used [0x00000000f6980000,0x00000000f7244d28,0x00000000f8900000)
  to   space 31232K, 0% used [0x00000000fe180000,0x00000000fe180000,0x0000000100000000)
 ParOldGen       total 76800K, used 56361K [0x00000000a0000000, 0x00000000a4b00000, 0x00000000e0000000)
  object space 76800K, 73% used [0x00000000a0000000,0x00000000a370a6e8,0x00000000a4b00000)
 Metaspace       used 85280K, capacity 88298K, committed 88320K, reserved 1126400K
  class space    used 10889K, capacity 11515K, committed 11520K, reserved 1048576K
Event: 1214.385 GC heap after
Heap after GC invocations=17 (full 3):
 PSYoungGen      total 488960K, used 9051K [0x00000000e0000000, 0x00000000ffd00000, 0x0000000100000000)
  eden space 460800K, 0% used [0x00000000e0000000,0x00000000e0000000,0x00000000fc200000)
  from space 28160K, 32% used [0x00000000fe180000,0x00000000fea56d28,0x00000000ffd00000)
  to   space 30208K, 0% used [0x00000000fc200000,0x00000000fc200000,0x00000000fdf80000)
 ParOldGen       total 76800K, used 56369K [0x00000000a0000000, 0x00000000a4b00000, 0x00000000e0000000)
  object space 76800K, 73% used [0x00000000a0000000,0x00000000a370c6e8,0x00000000a4b00000)
 Metaspace       used 85280K, capacity 88298K, committed 88320K, reserved 1126400K
  class space    used 10889K, capacity 11515K, committed 11520K, reserved 1048576K
}

