# JRE version: OpenJDK Runtime Environment (8.0_152-b01) (build 1.8.0_152-release-1343-b01)
# Java VM: OpenJDK 64-Bit Server VM (25.152-b01 mixed mode windows-amd64 compressed oops)
Heap:
 PSYoungGen      total 288768K, used 99894K [0x00000000e0000000, 0x00000000f4400000, 0x0000000100000000)
  eden space 258560K, 37% used [0x00000000e0000000,0x00000000e5f7c5d8,0x00000000efc80000)
  from space 30208K, 7% used [0x00000000f1a00000,0x00000000f1c11228,0x00000000f3780000)
  to   space 30208K, 0% used [0x00000000efc80000,0x00000000efc80000,0x00000000f1a00000)
 ParOldGen       total 94720K, used 65880K [0x00000000a0000000, 0x00000000a5c80000, 0x00000000e0000000)
  object space 94720K, 69% used [0x00000000a0000000,0x00000000a4056158,0x00000000a5c80000)
 Metaspace       used 85912K, capacity 88744K, committed 88960K, reserved 1126400K
  class space    used 11045K, capacity 11640K, committed 11648K, reserved 1048576K
GC Heap History (10 events):
Event: 58.364 GC heap before
{Heap before GC invocations=15 (full 3):
 PSYoungGen      total 194560K, used 9262K [0x00000000e0000000, 0x00000000ece00000, 0x0000000100000000)
  eden space 179200K, 0% used [0x00000000e0000000,0x00000000e0000000,0x00000000eaf00000)
  from space 15360K, 60% used [0x00000000ebf00000,0x00000000ec80b840,0x00000000ece00000)
  to   space 15872K, 0% used [0x00000000eaf00000,0x00000000eaf00000,0x00000000ebe80000)
 ParOldGen       total 58880K, used 31210K [0x00000000a0000000, 0x00000000a3980000, 0x00000000e0000000)
  object space 58880K, 53% used [0x00000000a0000000,0x00000000a1e7aae0,0x00000000a3980000)
 Metaspace       used 57587K, capacity 58956K, committed 59096K, reserved 1099776K
  class space    used 7623K, capacity 7970K, committed 8064K, reserved 1048576K
Event: 59.099 GC heap after
Heap after GC invocations=15 (full 3):
 PSYoungGen      total 194560K, used 0K [0x00000000e0000000, 0x00000000ece00000, 0x0000000100000000)
  eden space 179200K, 0% used [0x00000000e0000000,0x00000000e0000000,0x00000000eaf00000)
  from space 15360K, 0% used [0x00000000ebf00000,0x00000000ebf00000,0x00000000ece00000)
  to   space 15872K, 0% used [0x00000000eaf00000,0x00000000eaf00000,0x00000000ebe80000)
 ParOldGen       total 94720K, used 31950K [0x00000000a0000000, 0x00000000a5c80000, 0x00000000e0000000)
  object space 94720K, 33% used [0x00000000a0000000,0x00000000a1f339e0,0x00000000a5c80000)
 Metaspace       used 57561K, capacity 58868K, committed 59096K, reserved 1099776K
  class space    used 7616K, capacity 7962K, committed 8064K, reserved 1048576K
}
Event: 75.292 GC heap before
{Heap before GC invocations=16 (full 3):
 PSYoungGen      total 194560K, used 179200K [0x00000000e0000000, 0x00000000ece00000, 0x0000000100000000)
  eden space 179200K, 100% used [0x00000000e0000000,0x00000000eaf00000,0x00000000eaf00000)
  from space 15360K, 0% used [0x00000000ebf00000,0x00000000ebf00000,0x00000000ece00000)
  to   space 15872K, 0% used [0x00000000eaf00000,0x00000000eaf00000,0x00000000ebe80000)
 ParOldGen       total 94720K, used 31950K [0x00000000a0000000, 0x00000000a5c80000, 0x00000000e0000000)
  object space 94720K, 33% used [0x00000000a0000000,0x00000000a1f339e0,0x00000000a5c80000)
 Metaspace       used 66259K, capacity 68490K, committed 68608K, reserved 1107968K
  class space    used 8904K, capacity 9391K, committed 9472K, reserved 1048576K
Event: 75.672 GC heap after
Heap after GC invocations=16 (full 3):
 PSYoungGen      total 195072K, used 14857K [0x00000000e0000000, 0x00000000efa00000, 0x0000000100000000)
  eden space 179200K, 0% used [0x00000000e0000000,0x00000000e0000000,0x00000000eaf00000)
  from space 15872K, 93% used [0x00000000eaf00000,0x00000000ebd82488,0x00000000ebe80000)
  to   space 17920K, 0% used [0x00000000ee880000,0x00000000ee880000,0x00000000efa00000)
 ParOldGen       total 94720K, used 31958K [0x00000000a0000000, 0x00000000a5c80000, 0x00000000e0000000)
  object space 94720K, 33% used [0x00000000a0000000,0x00000000a1f359e0,0x00000000a5c80000)
 Metaspace       used 66259K, capacity 68490K, committed 68608K, reserved 1107968K
  class space    used 8904K, capacity 9391K, committed 9472K, reserved 1048576K
}
Event: 116.795 GC heap before
{Heap before GC invocations=17 (full 3):
 PSYoungGen      total 195072K, used 194057K [0x00000000e0000000, 0x00000000efa00000, 0x0000000100000000)
  eden space 179200K, 100% used [0x00000000e0000000,0x00000000eaf00000,0x00000000eaf00000)
  from space 15872K, 93% used [0x00000000eaf00000,0x00000000ebd82488,0x00000000ebe80000)
  to   space 17920K, 0% used [0x00000000ee880000,0x00000000ee880000,0x00000000efa00000)
 ParOldGen       total 94720K, used 31958K [0x00000000a0000000, 0x00000000a5c80000, 0x00000000e0000000)
  object space 94720K, 33% used [0x00000000a0000000,0x00000000a1f359e0,0x00000000a5c80000)
 Metaspace       used 71205K, capacity 73680K, committed 73856K, reserved 1114112K
  class space    used 9294K, capacity 9834K, committed 9856K, reserved 1048576K
Event: 117.152 GC heap after
Heap after GC invocations=17 (full 3):
 PSYoungGen      total 234496K, used 17908K [0x00000000e0000000, 0x00000000efe00000, 0x0000000100000000)
  eden space 216576K, 0% used [0x00000000e0000000,0x00000000e0000000,0x00000000ed380000)
  from space 17920K, 99% used [0x00000000ee880000,0x00000000ef9fd398,0x00000000efa00000)
  to   space 21504K, 0% used [0x00000000ed380000,0x00000000ed380000,0x00000000ee880000)
 ParOldGen       total 94720K, used 34493K [0x00000000a0000000, 0x00000000a5c80000, 0x00000000e0000000)
  object space 94720K, 36% used [0x00000000a0000000,0x00000000a21af748,0x00000000a5c80000)
 Metaspace       used 71205K, capacity 73680K, committed 73856K, reserved 1114112K
  class space    used 9294K, capacity 9834K, committed 9856K, reserved 1048576K
}
Event: 149.943 GC heap before
{Heap before GC invocations=18 (full 3):
 PSYoungGen      total 234496K, used 234484K [0x00000000e0000000, 0x00000000efe00000, 0x0000000100000000)
  eden space 216576K, 100% used [0x00000000e0000000,0x00000000ed380000,0x00000000ed380000)
  from space 17920K, 99% used [0x00000000ee880000,0x00000000ef9fd398,0x00000000efa00000)
  to   space 21504K, 0% used [0x00000000ed380000,0x00000000ed380000,0x00000000ee880000)
 ParOldGen       total 94720K, used 34493K [0x00000000a0000000, 0x00000000a5c80000, 0x00000000e0000000)
  object space 94720K, 36% used [0x00000000a0000000,0x00000000a21af748,0x00000000a5c80000)
 Metaspace       used 85075K, capacity 87834K, committed 87936K, reserved 1126400K
  class space    used 10977K, capacity 11571K, committed 11648K, reserved 1048576K
Event: 150.187 GC heap after
Heap after GC invocations=18 (full 3):
 PSYoungGen      total 238080K, used 21486K [0x00000000e0000000, 0x00000000f3780000, 0x0000000100000000)
  eden space 216576K, 0% used [0x00000000e0000000,0x00000000e0000000,0x00000000ed380000)
  from space 21504K, 99% used [0x00000000ed380000,0x00000000ee87bab0,0x00000000ee880000)
  to   space 30208K, 0% used [0x00000000f1a00000,0x00000000f1a00000,0x00000000f3780000)
 ParOldGen       total 94720K, used 49208K [0x00000000a0000000, 0x00000000a5c80000, 0x00000000e0000000)
  object space 94720K, 51% used [0x00000000a0000000,0x00000000a300e300,0x00000000a5c80000)
 Metaspace       used 85075K, capacity 87834K, committed 87936K, reserved 1126400K
  class space    used 10977K, capacity 11571K, committed 11648K, reserved 1048576K
}
Event: 155.556 GC heap before
{Heap before GC invocations=19 (full 3):
 PSYoungGen      total 238080K, used 238062K [0x00000000e0000000, 0x00000000f3780000, 0x0000000100000000)
  eden space 216576K, 100% used [0x00000000e0000000,0x00000000ed380000,0x00000000ed380000)
  from space 21504K, 99% used [0x00000000ed380000,0x00000000ee87bab0,0x00000000ee880000)
  to   space 30208K, 0% used [0x00000000f1a00000,0x00000000f1a00000,0x00000000f3780000)
 ParOldGen       total 94720K, used 49208K [0x00000000a0000000, 0x00000000a5c80000, 0x00000000e0000000)
  object space 94720K, 51% used [0x00000000a0000000,0x00000000a300e300,0x00000000a5c80000)
 Metaspace       used 85863K, capacity 88668K, committed 88704K, reserved 1126400K
  class space    used 11043K, capacity 11640K, committed 11648K, reserved 1048576K
Event: 155.773 GC heap after
Heap after GC invocations=19 (full 3):
 PSYoungGen      total 288768K, used 2116K [0x00000000e0000000, 0x00000000f4400000, 0x0000000100000000)
  eden space 258560K, 0% used [0x00000000e0000000,0x00000000e0000000,0x00000000efc80000)
  from space 30208K, 7% used [0x00000000f1a00000,0x00000000f1c11228,0x00000000f3780000)
  to   space 30208K, 0% used [0x00000000efc80000,0x00000000efc80000,0x00000000f1a00000)
 ParOldGen       total 94720K, used 65880K [0x00000000a0000000, 0x00000000a5c80000, 0x00000000e0000000)
  object space 94720K, 69% used [0x00000000a0000000,0x00000000a4056158,0x00000000a5c80000)
 Metaspace       used 85863K, capacity 88668K, committed 88704K, reserved 1126400K
  class space    used 11043K, capacity 11640K, committed 11648K, reserved 1048576K
}

